#
# There is insufficient memory for the Java Runtime Environment to continue.
# Native memory allocation (malloc) failed to allocate 1438256 bytes for Chunk::new
# Possible reasons:
#   The system is out of physical RAM or swap space
#   The process is running with CompressedOops enabled, and the Java Heap may be blocking the growth of the native heap
# Possible solutions:
#   Reduce memory load on the system
#   Increase physical memory or swap space
#   Check if swap backing store is full
#   Decrease Java heap size (-Xmx/-Xms)
#   Decrease number of Java threads
#   Decrease Java thread stack sizes (-Xss)
#   Set larger code cache with -XX:ReservedCodeCacheSize=
#   JVM is running with Zero Based Compressed Oops mode in which the Java heap is
#     placed in the first 32GB address space. The Java Heap base address is the
#     maximum limit for the native heap growth. Please use -XX:HeapBaseMinAddress
#     to set the Java Heap base and to place the Java Heap above 32GB virtual address.
# This output file may be truncated or incomplete.
#
#  Out of Memory Error (arena.cpp:189), pid=20232, tid=24124
#
# JRE version: Java(TM) SE Runtime Environment (17.0.12+8) (build 17.0.12+8-LTS-286)
# Java VM: Java HotSpot(TM) 64-Bit Server VM (17.0.12+8-LTS-286, mixed mode, sharing, tiered, compressed oops, compressed class ptrs, g1 gc, windows-amd64)
# No core dump will be written. Minidumps are not enabled by default on client versions of Windows
#

---------------  S U M M A R Y ------------

Command Line: -javaagent:C:\Program Files\JetBrains\IntelliJ IDEA Community Edition 2024.3\lib\idea_rt.jar=63894:C:\Program Files\JetBrains\IntelliJ IDEA Community Edition 2024.3\bin -Dfile.encoding=UTF-8 com.ekart.orders.OrdersApplication

Host: 11th Gen Intel(R) Core(TM) i5-1135G7 @ 2.40GHz, 8 cores, 15G,  Windows 11 , 64 bit Build 22621 (10.0.22621.5415)
Time: Tue May 12 20:52:43 2026 India Standard Time elapsed time: 3460.365267 seconds (0d 0h 57m 40s)

---------------  T H R E A D  ---------------

Current thread (0x00000250edb69970):  JavaThread "C2 CompilerThread1" daemon [_thread_in_native, id=24124, stack(0x000000b422300000,0x000000b422400000)]


Current CompileTask:
C2:3460365 11946       4       java.lang.Class::annotationData (44 bytes)

Stack: [0x000000b422300000,0x000000b422400000]
Native frames: (J=compiled Java code, j=interpreted, Vv=VM code, C=native code)
V  [jvm.dll+0x67a04a]
V  [jvm.dll+0x7da4ed]
V  [jvm.dll+0x7dbe33]
V  [jvm.dll+0x7dc4a3]
V  [jvm.dll+0x24508f]
V  [jvm.dll+0xab773]
V  [jvm.dll+0xabd3c]
V  [jvm.dll+0x361b9f]
V  [jvm.dll+0x32c431]
V  [jvm.dll+0x32b8ca]
V  [jvm.dll+0x21683f]
V  [jvm.dll+0x215c6f]
V  [jvm.dll+0x1a2960]
V  [jvm.dll+0x22610b]
V  [jvm.dll+0x2242ab]
V  [jvm.dll+0x79075c]
V  [jvm.dll+0x78abea]
V  [jvm.dll+0x678f35]
C  [ucrtbase.dll+0x29333]
C  [KERNEL32.DLL+0x1259d]
C  [ntdll.dll+0x5af78]


---------------  P R O C E S S  ---------------

Threads class SMR info:
_java_thread_list=0x00000250ed737ce0, length=58, elements={
0x00000250e62d2ad0, 0x00000250e62d35a0, 0x00000250e63fa860, 0x00000250e63fb330,
0x00000250e63fce10, 0x00000250e6400290, 0x00000250e64054b0, 0x00000250e6409780,
0x00000250e640a870, 0x00000250e62bdb40, 0x00000250e6ca1a70, 0x00000250ed1ea1e0,
0x00000250ed1ea6f0, 0x00000250ed1e9cd0, 0x00000250ed1eac00, 0x00000250ed1eb110,
0x00000250efc0b670, 0x00000250efc08df0, 0x00000250efc09300, 0x00000250efc09810,
0x00000250efc0a230, 0x00000250efc0a740, 0x00000250efc0ac50, 0x00000250eb129720,
0x00000250eb1273b0, 0x00000250eb129210, 0x00000250eb12ab60, 0x00000250eb129c30,
0x00000250eb12a140, 0x00000250eb1282e0, 0x00000250eb12a650, 0x00000250eb1278c0,
0x00000250eb127dd0, 0x00000250eb128d00, 0x00000250ecb6f160, 0x00000250ecb69640,
0x00000250ecb6d300, 0x00000250ecb69b50, 0x00000250ecb6a060, 0x00000250ecb6b4a0,
0x00000250ecb6d810, 0x00000250ecb6b9b0, 0x00000250ecb6af90, 0x00000250ecb6dd20,
0x00000250ecb6e230, 0x00000250ecb68710, 0x00000250ecb6bec0, 0x00000250ecb6a570,
0x00000250ecb6c8e0, 0x00000250ecb6c3d0, 0x00000250ecb68c20, 0x00000250ecb6e740,
0x00000250ecb69130, 0x00000250ecb6ec50, 0x00000250ecb67cf0, 0x00000250edb69970,
0x00000250eb045220, 0x00000250eb044d10
}

Java Threads: ( => current thread )
  0x00000250e62d2ad0 JavaThread "Reference Handler" daemon [_thread_blocked, id=15468, stack(0x000000b422b00000,0x000000b422c00000)]
  0x00000250e62d35a0 JavaThread "Finalizer" daemon [_thread_blocked, id=376, stack(0x000000b422c00000,0x000000b422d00000)]
  0x00000250e63fa860 JavaThread "Signal Dispatcher" daemon [_thread_blocked, id=28076, stack(0x000000b422d00000,0x000000b422e00000)]
  0x00000250e63fb330 JavaThread "Attach Listener" daemon [_thread_blocked, id=25068, stack(0x000000b422e00000,0x000000b422f00000)]
  0x00000250e63fce10 JavaThread "Service Thread" daemon [_thread_blocked, id=24616, stack(0x000000b422f00000,0x000000b423000000)]
  0x00000250e6400290 JavaThread "Monitor Deflation Thread" daemon [_thread_blocked, id=25956, stack(0x000000b423000000,0x000000b423100000)]
  0x00000250e64054b0 JavaThread "C2 CompilerThread0" daemon [_thread_in_native, id=29024, stack(0x000000b423100000,0x000000b423200000)]
  0x00000250e6409780 JavaThread "C1 CompilerThread0" daemon [_thread_blocked, id=30436, stack(0x000000b423200000,0x000000b423300000)]
  0x00000250e640a870 JavaThread "Sweeper thread" daemon [_thread_blocked, id=25820, stack(0x000000b423300000,0x000000b423400000)]
  0x00000250e62bdb40 JavaThread "Common-Cleaner" daemon [_thread_blocked, id=1116, stack(0x000000b423400000,0x000000b423500000)]
  0x00000250e6ca1a70 JavaThread "Notification Thread" daemon [_thread_blocked, id=25632, stack(0x000000b423700000,0x000000b423800000)]
  0x00000250ed1ea1e0 JavaThread "Catalina-utility-1" [_thread_blocked, id=30356, stack(0x000000b424000000,0x000000b424100000)]
  0x00000250ed1ea6f0 JavaThread "Catalina-utility-2" [_thread_blocked, id=29932, stack(0x000000b424300000,0x000000b424400000)]
  0x00000250ed1e9cd0 JavaThread "container-0" [_thread_blocked, id=28836, stack(0x000000b424500000,0x000000b424600000)]
  0x00000250ed1eac00 JavaThread "mysql-cj-abandoned-connection-cleanup" daemon [_thread_blocked, id=21664, stack(0x000000b424600000,0x000000b424700000)]
  0x00000250ed1eb110 JavaThread "HikariPool-1:housekeeper" daemon [_thread_blocked, id=632, stack(0x000000b424700000,0x000000b424800000)]
  0x00000250efc0b670 JavaThread "spectator-gauge-polling-0" daemon [_thread_blocked, id=28368, stack(0x000000b424a00000,0x000000b424b00000)]
  0x00000250efc08df0 JavaThread "AsyncResolver-bootstrap-%d" daemon [_thread_blocked, id=30480, stack(0x000000b424b00000,0x000000b424c00000)]
  0x00000250efc09300 JavaThread "DiscoveryClient-%d" daemon [_thread_blocked, id=28504, stack(0x000000b424800000,0x000000b424900000)]
  0x00000250efc09810 JavaThread "DiscoveryClient-%d" daemon [_thread_blocked, id=29064, stack(0x000000b424c00000,0x000000b424d00000)]
  0x00000250efc0a230 JavaThread "DiscoveryClient-InstanceInfoReplicator-%d" daemon [_thread_blocked, id=23576, stack(0x000000b424d00000,0x000000b424e00000)]
  0x00000250efc0a740 JavaThread "http-nio-8080-exec-1" daemon [_thread_blocked, id=28164, stack(0x000000b424e00000,0x000000b424f00000)]
  0x00000250efc0ac50 JavaThread "http-nio-8080-exec-2" daemon [_thread_blocked, id=12244, stack(0x000000b424f00000,0x000000b425000000)]
  0x00000250eb129720 JavaThread "http-nio-8080-exec-3" daemon [_thread_blocked, id=11664, stack(0x000000b425000000,0x000000b425100000)]
  0x00000250eb1273b0 JavaThread "http-nio-8080-exec-4" daemon [_thread_blocked, id=27888, stack(0x000000b425100000,0x000000b425200000)]
  0x00000250eb129210 JavaThread "http-nio-8080-exec-5" daemon [_thread_blocked, id=19540, stack(0x000000b425200000,0x000000b425300000)]
  0x00000250eb12ab60 JavaThread "http-nio-8080-exec-6" daemon [_thread_blocked, id=7856, stack(0x000000b425300000,0x000000b425400000)]
  0x00000250eb129c30 JavaThread "http-nio-8080-exec-7" daemon [_thread_blocked, id=30148, stack(0x000000b425400000,0x000000b425500000)]
  0x00000250eb12a140 JavaThread "http-nio-8080-exec-8" daemon [_thread_blocked, id=12260, stack(0x000000b425500000,0x000000b425600000)]
  0x00000250eb1282e0 JavaThread "http-nio-8080-exec-9" daemon [_thread_blocked, id=28492, stack(0x000000b425600000,0x000000b425700000)]
  0x00000250eb12a650 JavaThread "http-nio-8080-exec-10" daemon [_thread_blocked, id=26184, stack(0x000000b425700000,0x000000b425800000)]
  0x00000250eb1278c0 JavaThread "http-nio-8080-Poller" daemon [_thread_in_native, id=13452, stack(0x000000b425800000,0x000000b425900000)]
  0x00000250eb127dd0 JavaThread "http-nio-8080-Acceptor" daemon [_thread_in_native, id=28336, stack(0x000000b425900000,0x000000b425a00000)]
  0x00000250eb128d00 JavaThread "ThreadPoolTaskScheduler-1" [_thread_blocked, id=24408, stack(0x000000b425a00000,0x000000b425b00000)]
  0x00000250ecb6f160 JavaThread "org.springframework.kafka.KafkaListenerEndpointContainer#2-0-C-1" [_thread_in_native, id=2792, stack(0x000000b425b00000,0x000000b425c00000)]
  0x00000250ecb69640 JavaThread "ThreadPoolTaskScheduler-1" [_thread_blocked, id=15064, stack(0x000000b425c00000,0x000000b425d00000)]
  0x00000250ecb6d300 JavaThread "org.springframework.kafka.KafkaListenerEndpointContainer#3-0-C-1" [_thread_in_native, id=8632, stack(0x000000b425d00000,0x000000b425e00000)]
  0x00000250ecb69b50 JavaThread "ThreadPoolTaskScheduler-1" [_thread_blocked, id=27316, stack(0x000000b425e00000,0x000000b425f00000)]
  0x00000250ecb6a060 JavaThread "org.springframework.kafka.KafkaListenerEndpointContainer#4-0-C-1" [_thread_in_native, id=21060, stack(0x000000b425f00000,0x000000b426000000)]
  0x00000250ecb6b4a0 JavaThread "ThreadPoolTaskScheduler-1" [_thread_blocked, id=28036, stack(0x000000b426000000,0x000000b426100000)]
  0x00000250ecb6d810 JavaThread "org.springframework.kafka.KafkaListenerEndpointContainer#5-0-C-1" [_thread_in_vm, id=28448, stack(0x000000b426100000,0x000000b426200000)]
  0x00000250ecb6b9b0 JavaThread "ThreadPoolTaskScheduler-1" [_thread_blocked, id=2412, stack(0x000000b426200000,0x000000b426300000)]
  0x00000250ecb6af90 JavaThread "org.springframework.kafka.KafkaListenerEndpointContainer#0-0-C-1" [_thread_in_native, id=5688, stack(0x000000b426300000,0x000000b426400000)]
  0x00000250ecb6dd20 JavaThread "ThreadPoolTaskScheduler-1" [_thread_blocked, id=28988, stack(0x000000b426400000,0x000000b426500000)]
  0x00000250ecb6e230 JavaThread "org.springframework.kafka.KafkaListenerEndpointContainer#1-0-C-1" [_thread_in_native, id=27488, stack(0x000000b426500000,0x000000b426600000)]
  0x00000250ecb68710 JavaThread "DestroyJavaVM" [_thread_blocked, id=28028, stack(0x000000b422400000,0x000000b422500000)]
  0x00000250ecb6bec0 JavaThread "kafka-coordinator-heartbeat-thread | orders-fulfillment-payment" daemon [_thread_blocked, id=21284, stack(0x000000b426600000,0x000000b426700000)]
  0x00000250ecb6a570 JavaThread "kafka-coordinator-heartbeat-thread | orders-fulfillment-inventory" daemon [_thread_blocked, id=29212, stack(0x000000b426700000,0x000000b426800000)]
  0x00000250ecb6c8e0 JavaThread "kafka-coordinator-heartbeat-thread | orders-fulfillment-shipping" daemon [_thread_blocked, id=24360, stack(0x000000b426800000,0x000000b426900000)]
  0x00000250ecb6c3d0 JavaThread "kafka-coordinator-heartbeat-thread | orders-fulfillment-shipping" daemon [_thread_blocked, id=10944, stack(0x000000b426900000,0x000000b426a00000)]
  0x00000250ecb68c20 JavaThread "kafka-coordinator-heartbeat-thread | orders-fulfillment-inventory" daemon [_thread_blocked, id=15236, stack(0x000000b426a00000,0x000000b426b00000)]
  0x00000250ecb6e740 JavaThread "kafka-coordinator-heartbeat-thread | orders-fulfillment-payment" daemon [_thread_blocked, id=24844, stack(0x000000b426b00000,0x000000b426c00000)]
  0x00000250ecb69130 JavaThread "DiscoveryClient-CacheRefreshExecutor-%d" daemon [_thread_blocked, id=27292, stack(0x000000b426c00000,0x000000b426d00000)]
  0x00000250ecb6ec50 JavaThread "DiscoveryClient-HeartbeatExecutor-%d" daemon [_thread_blocked, id=28824, stack(0x000000b426d00000,0x000000b426e00000)]
  0x00000250ecb67cf0 JavaThread "AsyncResolver-bootstrap-executor-%d" daemon [_thread_blocked, id=25368, stack(0x000000b422200000,0x000000b422300000)]
=>0x00000250edb69970 JavaThread "C2 CompilerThread1" daemon [_thread_in_native, id=24124, stack(0x000000b422300000,0x000000b422400000)]
  0x00000250eb045220 JavaThread "Keep-Alive-Timer" daemon [_thread_blocked, id=22304, stack(0x000000b423500000,0x000000b423600000)]
  0x00000250eb044d10 JavaThread "kafka-producer-network-thread | orders-producer-1" daemon [_thread_in_native, id=20652, stack(0x000000b423600000,0x000000b423700000)]

Other Threads:
  0x00000250e62cc570 VMThread "VM Thread" [stack: 0x000000b422a00000,0x000000b422b00000] [id=7316]
  0x00000250e6ca23d0 WatcherThread [stack: 0x000000b423800000,0x000000b423900000] [id=3632]
  0x00000250c36ef9b0 GCTaskThread "GC Thread#0" [stack: 0x000000b422500000,0x000000b422600000] [id=28956]
  0x00000250eb0430b0 GCTaskThread "GC Thread#1" [stack: 0x000000b423a00000,0x000000b423b00000] [id=29916]
  0x00000250eb5070f0 GCTaskThread "GC Thread#2" [stack: 0x000000b423b00000,0x000000b423c00000] [id=29144]
  0x00000250eb08c4c0 GCTaskThread "GC Thread#3" [stack: 0x000000b423c00000,0x000000b423d00000] [id=30096]
  0x00000250eb08c780 GCTaskThread "GC Thread#4" [stack: 0x000000b423d00000,0x000000b423e00000] [id=27600]
  0x00000250eb3ab910 GCTaskThread "GC Thread#5" [stack: 0x000000b423e00000,0x000000b423f00000] [id=28316]
  0x00000250eb5cba00 GCTaskThread "GC Thread#6" [stack: 0x000000b423f00000,0x000000b424000000] [id=21432]
  0x00000250edb80d00 GCTaskThread "GC Thread#7" [stack: 0x000000b424200000,0x000000b424300000] [id=19960]
  0x00000250c3700460 ConcurrentGCThread "G1 Main Marker" [stack: 0x000000b422600000,0x000000b422700000] [id=29628]
  0x00000250c3701d90 ConcurrentGCThread "G1 Conc#0" [stack: 0x000000b422700000,0x000000b422800000] [id=26676]
  0x00000250ed0dd800 ConcurrentGCThread "G1 Conc#1" [stack: 0x000000b424400000,0x000000b424500000] [id=27256]
  0x00000250c372e180 ConcurrentGCThread "G1 Refine#0" [stack: 0x000000b422800000,0x000000b422900000] [id=23176]
  0x00000250c372eac0 ConcurrentGCThread "G1 Service" [stack: 0x000000b422900000,0x000000b422a00000] [id=24472]

Threads with active compile tasks:
C2 CompilerThread0  3460418 11943       4       org.springframework.transaction.annotation.SpringTransactionAnnotationParser::parseTransactionAnnotation (21 bytes)
C2 CompilerThread1  3460418 11946       4       java.lang.Class::annotationData (44 bytes)

VM state: not at safepoint (normal execution)

VM Mutex/Monitor currently owned by a thread: None

Heap address: 0x0000000703a00000, size: 4038 MB, Compressed Oops mode: Zero based, Oop shift amount: 3

CDS archive(s) mapped at: [0x0000025080000000-0x0000025080bd0000-0x0000025080bd0000), size 12386304, SharedBaseAddress: 0x0000025080000000, ArchiveRelocationMode: 1.
Compressed class space mapped at: 0x0000025081000000-0x00000250c1000000, reserved size: 1073741824
Narrow klass base: 0x0000025080000000, Narrow klass shift: 0, Narrow klass range: 0x100000000

GC Precious Log:
 CPUs: 8 total, 8 available
 Memory: 16149M
 Large Page Support: Disabled
 NUMA Support: Disabled
 Compressed Oops: Enabled (Zero based)
 Heap Region Size: 2M
 Heap Min Capacity: 8M
 Heap Initial Capacity: 254M
 Heap Max Capacity: 4038M
 Pre-touch: Disabled
 Parallel Workers: 8
 Concurrent Workers: 2
 Concurrent Refinement Workers: 8
 Periodic GC: Disabled

Heap:
 garbage-first heap   total 313344K, used 120661K [0x0000000703a00000, 0x0000000800000000)
  region size 2048K, 33 young (67584K), 1 survivors (2048K)
 Metaspace       used 114418K, committed 115200K, reserved 1179648K
  class space    used 15177K, committed 15552K, reserved 1048576K

Heap Regions: E=young(eden), S=young(survivor), O=old, HS=humongous(starts), HC=humongous(continues), CS=collection set, F=free, OA=open archive, CA=closed archive, TAMS=top-at-mark-start (previous, next)
|   0|0x0000000703a00000, 0x0000000703c00000, 0x0000000703c00000|100%| O|  |TAMS 0x0000000703c00000, 0x0000000703a00000| Untracked 
|   1|0x0000000703c00000, 0x0000000703e00000, 0x0000000703e00000|100%| O|  |TAMS 0x0000000703e00000, 0x0000000703c00000| Untracked 
|   2|0x0000000703e00000, 0x0000000704000000, 0x0000000704000000|100%| O|  |TAMS 0x0000000704000000, 0x0000000703e00000| Untracked 
|   3|0x0000000704000000, 0x0000000704200000, 0x0000000704200000|100%| O|  |TAMS 0x0000000704200000, 0x0000000704000000| Untracked 
|   4|0x0000000704200000, 0x0000000704400000, 0x0000000704400000|100%| O|  |TAMS 0x0000000704400000, 0x0000000704200000| Untracked 
|   5|0x0000000704400000, 0x0000000704600000, 0x0000000704600000|100%| O|  |TAMS 0x0000000704600000, 0x0000000704400000| Untracked 
|   6|0x0000000704600000, 0x0000000704800000, 0x0000000704800000|100%| O|  |TAMS 0x0000000704800000, 0x0000000704600000| Untracked 
|   7|0x0000000704800000, 0x00000007049e4a00, 0x0000000704a00000| 94%| O|  |TAMS 0x00000007049e4a00, 0x0000000704800000| Untracked 
|   8|0x0000000704a00000, 0x0000000704c00000, 0x0000000704c00000|100%| O|  |TAMS 0x0000000704c00000, 0x0000000704a00000| Untracked 
|   9|0x0000000704c00000, 0x0000000704e00000, 0x0000000704e00000|100%| O|  |TAMS 0x0000000704e00000, 0x0000000704c00000| Untracked 
|  10|0x0000000704e00000, 0x0000000705000000, 0x0000000705000000|100%| O|  |TAMS 0x0000000705000000, 0x0000000704e00000| Untracked 
|  11|0x0000000705000000, 0x0000000705200000, 0x0000000705200000|100%| O|  |TAMS 0x0000000705200000, 0x0000000705000000| Untracked 
|  12|0x0000000705200000, 0x0000000705400000, 0x0000000705400000|100%| O|  |TAMS 0x0000000705400000, 0x0000000705200000| Untracked 
|  13|0x0000000705400000, 0x000000070559e200, 0x0000000705600000| 80%| O|  |TAMS 0x000000070559e200, 0x0000000705400000| Untracked 
|  14|0x0000000705600000, 0x0000000705800000, 0x0000000705800000|100%| O|  |TAMS 0x0000000705800000, 0x0000000705600000| Untracked 
|  15|0x0000000705800000, 0x00000007058b4e00, 0x0000000705a00000| 35%| O|  |TAMS 0x0000000705800000, 0x0000000705800000| Untracked 
|  16|0x0000000705a00000, 0x0000000705c00000, 0x0000000705c00000|100%| O|  |TAMS 0x0000000705c00000, 0x0000000705a00000| Untracked 
|  17|0x0000000705c00000, 0x0000000705e00000, 0x0000000705e00000|100%| O|  |TAMS 0x0000000705e00000, 0x0000000705c00000| Untracked 
|  18|0x0000000705e00000, 0x0000000706000000, 0x0000000706000000|100%| O|  |TAMS 0x0000000706000000, 0x0000000705e00000| Untracked 
|  19|0x0000000706000000, 0x0000000706200000, 0x0000000706200000|100%| O|  |TAMS 0x0000000706200000, 0x0000000706000000| Untracked 
|  20|0x0000000706200000, 0x0000000706400000, 0x0000000706400000|100%| O|  |TAMS 0x0000000706388200, 0x0000000706200000| Untracked 
|  21|0x0000000706400000, 0x0000000706600000, 0x0000000706600000|100%| O|  |TAMS 0x0000000706600000, 0x0000000706400000| Untracked 
|  22|0x0000000706600000, 0x0000000706600000, 0x0000000706800000|  0%| F|  |TAMS 0x0000000706600000, 0x0000000706600000| Untracked 
|  23|0x0000000706800000, 0x0000000706800000, 0x0000000706a00000|  0%| F|  |TAMS 0x0000000706800000, 0x0000000706800000| Untracked 
|  24|0x0000000706a00000, 0x0000000706a00000, 0x0000000706c00000|  0%| F|  |TAMS 0x0000000706a00000, 0x0000000706a00000| Untracked 
|  25|0x0000000706c00000, 0x0000000706e00000, 0x0000000706e00000|100%| O|  |TAMS 0x0000000706e00000, 0x0000000706c00000| Untracked 
|  26|0x0000000706e00000, 0x0000000707000000, 0x0000000707000000|100%| O|  |TAMS 0x0000000707000000, 0x0000000706e00000| Untracked 
|  27|0x0000000707000000, 0x0000000707200000, 0x0000000707200000|100%| O|  |TAMS 0x0000000707200000, 0x0000000707000000| Untracked 
|  28|0x0000000707200000, 0x0000000707400000, 0x0000000707400000|100%| O|  |TAMS 0x0000000707400000, 0x0000000707200000| Untracked 
|  29|0x0000000707400000, 0x0000000707600000, 0x0000000707600000|100%| O|  |TAMS 0x0000000707600000, 0x0000000707400000| Untracked 
|  30|0x0000000707600000, 0x0000000707800000, 0x0000000707800000|100%| O|  |TAMS 0x0000000707800000, 0x0000000707600000| Untracked 
|  31|0x0000000707800000, 0x0000000707800000, 0x0000000707a00000|  0%| F|  |TAMS 0x0000000707800000, 0x0000000707800000| Untracked 
|  32|0x0000000707a00000, 0x0000000707a00000, 0x0000000707c00000|  0%| F|  |TAMS 0x0000000707a00000, 0x0000000707a00000| Untracked 
|  33|0x0000000707c00000, 0x0000000707c00000, 0x0000000707e00000|  0%| F|  |TAMS 0x0000000707c00000, 0x0000000707c00000| Untracked 
|  34|0x0000000707e00000, 0x0000000707e00000, 0x0000000708000000|  0%| F|  |TAMS 0x0000000707e00000, 0x0000000707e00000| Untracked 
|  35|0x0000000708000000, 0x0000000708000000, 0x0000000708200000|  0%| F|  |TAMS 0x0000000708000000, 0x0000000708000000| Untracked 
|  36|0x0000000708200000, 0x0000000708200000, 0x0000000708400000|  0%| F|  |TAMS 0x0000000708200000, 0x0000000708200000| Untracked 
|  37|0x0000000708400000, 0x0000000708400000, 0x0000000708600000|  0%| F|  |TAMS 0x0000000708400000, 0x0000000708400000| Untracked 
|  38|0x0000000708600000, 0x0000000708600000, 0x0000000708800000|  0%| F|  |TAMS 0x0000000708600000, 0x0000000708600000| Untracked 
|  39|0x0000000708800000, 0x0000000708800000, 0x0000000708a00000|  0%| F|  |TAMS 0x0000000708800000, 0x0000000708800000| Untracked 
|  40|0x0000000708a00000, 0x0000000708a00000, 0x0000000708c00000|  0%| F|  |TAMS 0x0000000708a00000, 0x0000000708a00000| Untracked 
|  41|0x0000000708c00000, 0x0000000708c00000, 0x0000000708e00000|  0%| F|  |TAMS 0x0000000708c00000, 0x0000000708c00000| Untracked 
|  42|0x0000000708e00000, 0x0000000708e00000, 0x0000000709000000|  0%| F|  |TAMS 0x0000000708e00000, 0x0000000708e00000| Untracked 
|  43|0x0000000709000000, 0x0000000709000000, 0x0000000709200000|  0%| F|  |TAMS 0x0000000709000000, 0x0000000709000000| Untracked 
|  44|0x0000000709200000, 0x0000000709200000, 0x0000000709400000|  0%| F|  |TAMS 0x0000000709200000, 0x0000000709200000| Untracked 
|  45|0x0000000709400000, 0x0000000709400000, 0x0000000709600000|  0%| F|  |TAMS 0x0000000709400000, 0x0000000709400000| Untracked 
|  46|0x0000000709600000, 0x0000000709600000, 0x0000000709800000|  0%| F|  |TAMS 0x0000000709600000, 0x0000000709600000| Untracked 
|  47|0x0000000709800000, 0x0000000709800000, 0x0000000709a00000|  0%| F|  |TAMS 0x0000000709800000, 0x0000000709800000| Untracked 
|  48|0x0000000709a00000, 0x0000000709a00000, 0x0000000709c00000|  0%| F|  |TAMS 0x0000000709a00000, 0x0000000709a00000| Untracked 
|  49|0x0000000709c00000, 0x0000000709c00000, 0x0000000709e00000|  0%| F|  |TAMS 0x0000000709c00000, 0x0000000709c00000| Untracked 
|  50|0x0000000709e00000, 0x0000000709e00000, 0x000000070a000000|  0%| F|  |TAMS 0x0000000709e00000, 0x0000000709e00000| Untracked 
|  51|0x000000070a000000, 0x000000070a000000, 0x000000070a200000|  0%| F|  |TAMS 0x000000070a000000, 0x000000070a000000| Untracked 
|  52|0x000000070a200000, 0x000000070a200000, 0x000000070a400000|  0%| F|  |TAMS 0x000000070a200000, 0x000000070a200000| Untracked 
|  53|0x000000070a400000, 0x000000070a400000, 0x000000070a600000|  0%| F|  |TAMS 0x000000070a400000, 0x000000070a400000| Untracked 
|  54|0x000000070a600000, 0x000000070a600000, 0x000000070a800000|  0%| F|  |TAMS 0x000000070a600000, 0x000000070a600000| Untracked 
|  55|0x000000070a800000, 0x000000070a800000, 0x000000070aa00000|  0%| F|  |TAMS 0x000000070a800000, 0x000000070a800000| Untracked 
|  56|0x000000070aa00000, 0x000000070aa00000, 0x000000070ac00000|  0%| F|  |TAMS 0x000000070aa00000, 0x000000070aa00000| Untracked 
|  57|0x000000070ac00000, 0x000000070ac00000, 0x000000070ae00000|  0%| F|  |TAMS 0x000000070ac00000, 0x000000070ac00000| Untracked 
|  58|0x000000070ae00000, 0x000000070ae00000, 0x000000070b000000|  0%| F|  |TAMS 0x000000070ae00000, 0x000000070ae00000| Untracked 
|  59|0x000000070b000000, 0x000000070b000000, 0x000000070b200000|  0%| F|  |TAMS 0x000000070b000000, 0x000000070b000000| Untracked 
|  60|0x000000070b200000, 0x000000070b200000, 0x000000070b400000|  0%| F|  |TAMS 0x000000070b200000, 0x000000070b200000| Untracked 
|  61|0x000000070b400000, 0x000000070b59dc80, 0x000000070b600000| 80%| S|CS|TAMS 0x000000070b400000, 0x000000070b400000| Complete 
|  62|0x000000070b600000, 0x000000070b600000, 0x000000070b800000|  0%| F|  |TAMS 0x000000070b600000, 0x000000070b600000| Untracked 
|  63|0x000000070b800000, 0x000000070b800000, 0x000000070ba00000|  0%| F|  |TAMS 0x000000070b800000, 0x000000070b800000| Untracked 
|  64|0x000000070ba00000, 0x000000070ba00000, 0x000000070bc00000|  0%| F|  |TAMS 0x000000070ba00000, 0x000000070ba00000| Untracked 
|  65|0x000000070bc00000, 0x000000070bc00000, 0x000000070be00000|  0%| F|  |TAMS 0x000000070bc00000, 0x000000070bc00000| Untracked 
|  66|0x000000070be00000, 0x000000070be00000, 0x000000070c000000|  0%| F|  |TAMS 0x000000070be00000, 0x000000070be00000| Untracked 
|  67|0x000000070c000000, 0x000000070c000000, 0x000000070c200000|  0%| F|  |TAMS 0x000000070c000000, 0x000000070c000000| Untracked 
|  68|0x000000070c200000, 0x000000070c200000, 0x000000070c400000|  0%| F|  |TAMS 0x000000070c200000, 0x000000070c200000| Untracked 
|  69|0x000000070c400000, 0x000000070c400000, 0x000000070c600000|  0%| F|  |TAMS 0x000000070c400000, 0x000000070c400000| Untracked 
|  70|0x000000070c600000, 0x000000070c600000, 0x000000070c800000|  0%| F|  |TAMS 0x000000070c600000, 0x000000070c600000| Untracked 
|  71|0x000000070c800000, 0x000000070c800000, 0x000000070ca00000|  0%| F|  |TAMS 0x000000070c800000, 0x000000070c800000| Untracked 
|  72|0x000000070ca00000, 0x000000070ca00000, 0x000000070cc00000|  0%| F|  |TAMS 0x000000070ca00000, 0x000000070ca00000| Untracked 
|  73|0x000000070cc00000, 0x000000070cc00000, 0x000000070ce00000|  0%| F|  |TAMS 0x000000070cc00000, 0x000000070cc00000| Untracked 
|  74|0x000000070ce00000, 0x000000070ce00000, 0x000000070d000000|  0%| F|  |TAMS 0x000000070ce00000, 0x000000070ce00000| Untracked 
|  75|0x000000070d000000, 0x000000070d000000, 0x000000070d200000|  0%| F|  |TAMS 0x000000070d000000, 0x000000070d000000| Untracked 
|  76|0x000000070d200000, 0x000000070d200000, 0x000000070d400000|  0%| F|  |TAMS 0x000000070d200000, 0x000000070d200000| Untracked 
|  77|0x000000070d400000, 0x000000070d400000, 0x000000070d600000|  0%| F|  |TAMS 0x000000070d400000, 0x000000070d400000| Untracked 
|  78|0x000000070d600000, 0x000000070d600000, 0x000000070d800000|  0%| F|  |TAMS 0x000000070d600000, 0x000000070d600000| Untracked 
|  79|0x000000070d800000, 0x000000070d800000, 0x000000070da00000|  0%| F|  |TAMS 0x000000070d800000, 0x000000070d800000| Untracked 
|  80|0x000000070da00000, 0x000000070da00000, 0x000000070dc00000|  0%| F|  |TAMS 0x000000070da00000, 0x000000070da00000| Untracked 
|  81|0x000000070dc00000, 0x000000070dc00000, 0x000000070de00000|  0%| F|  |TAMS 0x000000070dc00000, 0x000000070dc00000| Untracked 
|  82|0x000000070de00000, 0x000000070de00000, 0x000000070e000000|  0%| F|  |TAMS 0x000000070de00000, 0x000000070de00000| Untracked 
|  83|0x000000070e000000, 0x000000070e000000, 0x000000070e200000|  0%| F|  |TAMS 0x000000070e000000, 0x000000070e000000| Untracked 
|  84|0x000000070e200000, 0x000000070e200000, 0x000000070e400000|  0%| F|  |TAMS 0x000000070e200000, 0x000000070e200000| Untracked 
|  85|0x000000070e400000, 0x000000070e400000, 0x000000070e600000|  0%| F|  |TAMS 0x000000070e400000, 0x000000070e400000| Untracked 
|  86|0x000000070e600000, 0x000000070e600000, 0x000000070e800000|  0%| F|  |TAMS 0x000000070e600000, 0x000000070e600000| Untracked 
|  87|0x000000070e800000, 0x000000070e800000, 0x000000070ea00000|  0%| F|  |TAMS 0x000000070e800000, 0x000000070e800000| Untracked 
|  88|0x000000070ea00000, 0x000000070ea00000, 0x000000070ec00000|  0%| F|  |TAMS 0x000000070ea00000, 0x000000070ea00000| Untracked 
|  89|0x000000070ec00000, 0x000000070ec00000, 0x000000070ee00000|  0%| F|  |TAMS 0x000000070ec00000, 0x000000070ec00000| Untracked 
|  90|0x000000070ee00000, 0x000000070ee00000, 0x000000070f000000|  0%| F|  |TAMS 0x000000070ee00000, 0x000000070ee00000| Untracked 
|  91|0x000000070f000000, 0x000000070f000000, 0x000000070f200000|  0%| F|  |TAMS 0x000000070f000000, 0x000000070f000000| Untracked 
|  92|0x000000070f200000, 0x000000070f200000, 0x000000070f400000|  0%| F|  |TAMS 0x000000070f200000, 0x000000070f200000| Untracked 
|  93|0x000000070f400000, 0x000000070f400000, 0x000000070f600000|  0%| F|  |TAMS 0x000000070f400000, 0x000000070f400000| Untracked 
|  94|0x000000070f600000, 0x000000070f600000, 0x000000070f800000|  0%| F|  |TAMS 0x000000070f600000, 0x000000070f600000| Untracked 
|  95|0x000000070f800000, 0x000000070f800000, 0x000000070fa00000|  0%| F|  |TAMS 0x000000070f800000, 0x000000070f800000| Untracked 
|  96|0x000000070fa00000, 0x000000070fa00000, 0x000000070fc00000|  0%| F|  |TAMS 0x000000070fa00000, 0x000000070fa00000| Untracked 
|  97|0x000000070fc00000, 0x000000070fc00000, 0x000000070fe00000|  0%| F|  |TAMS 0x000000070fc00000, 0x000000070fc00000| Untracked 
|  98|0x000000070fe00000, 0x000000070fe00000, 0x0000000710000000|  0%| F|  |TAMS 0x000000070fe00000, 0x000000070fe00000| Untracked 
|  99|0x0000000710000000, 0x0000000710000000, 0x0000000710200000|  0%| F|  |TAMS 0x0000000710000000, 0x0000000710000000| Untracked 
| 100|0x0000000710200000, 0x0000000710200000, 0x0000000710400000|  0%| F|  |TAMS 0x0000000710200000, 0x0000000710200000| Untracked 
| 101|0x0000000710400000, 0x0000000710400000, 0x0000000710600000|  0%| F|  |TAMS 0x0000000710400000, 0x0000000710400000| Untracked 
| 102|0x0000000710600000, 0x0000000710600000, 0x0000000710800000|  0%| F|  |TAMS 0x0000000710600000, 0x0000000710600000| Untracked 
| 103|0x0000000710800000, 0x0000000710800000, 0x0000000710a00000|  0%| F|  |TAMS 0x0000000710800000, 0x0000000710800000| Untracked 
| 104|0x0000000710a00000, 0x0000000710a00000, 0x0000000710c00000|  0%| F|  |TAMS 0x0000000710a00000, 0x0000000710a00000| Untracked 
| 105|0x0000000710c00000, 0x0000000710c00000, 0x0000000710e00000|  0%| F|  |TAMS 0x0000000710c00000, 0x0000000710c00000| Untracked 
| 106|0x0000000710e00000, 0x0000000710e00000, 0x0000000711000000|  0%| F|  |TAMS 0x0000000710e00000, 0x0000000710e00000| Untracked 
| 107|0x0000000711000000, 0x0000000711000000, 0x0000000711200000|  0%| F|  |TAMS 0x0000000711000000, 0x0000000711000000| Untracked 
| 108|0x0000000711200000, 0x0000000711200000, 0x0000000711400000|  0%| F|  |TAMS 0x0000000711200000, 0x0000000711200000| Untracked 
| 109|0x0000000711400000, 0x0000000711400000, 0x0000000711600000|  0%| F|  |TAMS 0x0000000711400000, 0x0000000711400000| Untracked 
| 110|0x0000000711600000, 0x0000000711600000, 0x0000000711800000|  0%| F|  |TAMS 0x0000000711600000, 0x0000000711600000| Untracked 
| 111|0x0000000711800000, 0x0000000711800000, 0x0000000711a00000|  0%| F|  |TAMS 0x0000000711800000, 0x0000000711800000| Untracked 
| 112|0x0000000711a00000, 0x0000000711a00000, 0x0000000711c00000|  0%| F|  |TAMS 0x0000000711a00000, 0x0000000711a00000| Untracked 
| 113|0x0000000711c00000, 0x0000000711c00000, 0x0000000711e00000|  0%| F|  |TAMS 0x0000000711c00000, 0x0000000711c00000| Untracked 
| 114|0x0000000711e00000, 0x0000000711e00000, 0x0000000712000000|  0%| F|  |TAMS 0x0000000711e00000, 0x0000000711e00000| Untracked 
| 115|0x0000000712000000, 0x0000000712000000, 0x0000000712200000|  0%| F|  |TAMS 0x0000000712000000, 0x0000000712000000| Untracked 
| 116|0x0000000712200000, 0x0000000712200000, 0x0000000712400000|  0%| F|  |TAMS 0x0000000712200000, 0x0000000712200000| Untracked 
| 117|0x0000000712400000, 0x0000000712400000, 0x0000000712600000|  0%| F|  |TAMS 0x0000000712400000, 0x0000000712400000| Untracked 
| 118|0x0000000712600000, 0x0000000712600000, 0x0000000712800000|  0%| F|  |TAMS 0x0000000712600000, 0x0000000712600000| Untracked 
| 119|0x0000000712800000, 0x0000000712800000, 0x0000000712a00000|  0%| F|  |TAMS 0x0000000712800000, 0x0000000712800000| Untracked 
| 120|0x0000000712a00000, 0x0000000712b00800, 0x0000000712c00000| 50%| E|  |TAMS 0x0000000712a00000, 0x0000000712a00000| Complete 
| 121|0x0000000712c00000, 0x0000000712e00000, 0x0000000712e00000|100%| E|CS|TAMS 0x0000000712c00000, 0x0000000712c00000| Complete 
| 122|0x0000000712e00000, 0x0000000713000000, 0x0000000713000000|100%| E|CS|TAMS 0x0000000712e00000, 0x0000000712e00000| Complete 
| 123|0x0000000713000000, 0x0000000713200000, 0x0000000713200000|100%| E|CS|TAMS 0x0000000713000000, 0x0000000713000000| Complete 
| 124|0x0000000713200000, 0x0000000713400000, 0x0000000713400000|100%| E|CS|TAMS 0x0000000713200000, 0x0000000713200000| Complete 
| 125|0x0000000713400000, 0x0000000713600000, 0x0000000713600000|100%| E|CS|TAMS 0x0000000713400000, 0x0000000713400000| Complete 
| 126|0x0000000713600000, 0x0000000713800000, 0x0000000713800000|100%| E|CS|TAMS 0x0000000713600000, 0x0000000713600000| Complete 
| 127|0x0000000713800000, 0x0000000713a00000, 0x0000000713a00000|100%| E|CS|TAMS 0x0000000713800000, 0x0000000713800000| Complete 
| 128|0x0000000713a00000, 0x0000000713c00000, 0x0000000713c00000|100%| E|CS|TAMS 0x0000000713a00000, 0x0000000713a00000| Complete 
| 129|0x0000000713c00000, 0x0000000713e00000, 0x0000000713e00000|100%| E|CS|TAMS 0x0000000713c00000, 0x0000000713c00000| Complete 
| 130|0x0000000713e00000, 0x0000000714000000, 0x0000000714000000|100%| E|CS|TAMS 0x0000000713e00000, 0x0000000713e00000| Complete 
| 131|0x0000000714000000, 0x0000000714200000, 0x0000000714200000|100%| E|CS|TAMS 0x0000000714000000, 0x0000000714000000| Complete 
| 132|0x0000000714200000, 0x0000000714400000, 0x0000000714400000|100%| E|CS|TAMS 0x0000000714200000, 0x0000000714200000| Complete 
| 133|0x0000000714400000, 0x0000000714600000, 0x0000000714600000|100%| E|CS|TAMS 0x0000000714400000, 0x0000000714400000| Complete 
| 134|0x0000000714600000, 0x0000000714800000, 0x0000000714800000|100%| E|CS|TAMS 0x0000000714600000, 0x0000000714600000| Complete 
| 135|0x0000000714800000, 0x0000000714a00000, 0x0000000714a00000|100%| E|CS|TAMS 0x0000000714800000, 0x0000000714800000| Complete 
| 136|0x0000000714a00000, 0x0000000714c00000, 0x0000000714c00000|100%| E|CS|TAMS 0x0000000714a00000, 0x0000000714a00000| Complete 
| 137|0x0000000714c00000, 0x0000000714e00000, 0x0000000714e00000|100%| E|CS|TAMS 0x0000000714c00000, 0x0000000714c00000| Complete 
| 138|0x0000000714e00000, 0x0000000715000000, 0x0000000715000000|100%| E|CS|TAMS 0x0000000714e00000, 0x0000000714e00000| Complete 
| 139|0x0000000715000000, 0x0000000715200000, 0x0000000715200000|100%| E|CS|TAMS 0x0000000715000000, 0x0000000715000000| Complete 
| 140|0x0000000715200000, 0x0000000715400000, 0x0000000715400000|100%| E|CS|TAMS 0x0000000715200000, 0x0000000715200000| Complete 
| 141|0x0000000715400000, 0x0000000715600000, 0x0000000715600000|100%| E|CS|TAMS 0x0000000715400000, 0x0000000715400000| Complete 
| 142|0x0000000715600000, 0x0000000715800000, 0x0000000715800000|100%| E|CS|TAMS 0x0000000715600000, 0x0000000715600000| Complete 
| 143|0x0000000715800000, 0x0000000715a00000, 0x0000000715a00000|100%| E|CS|TAMS 0x0000000715800000, 0x0000000715800000| Complete 
| 144|0x0000000715a00000, 0x0000000715c00000, 0x0000000715c00000|100%| E|CS|TAMS 0x0000000715a00000, 0x0000000715a00000| Complete 
| 145|0x0000000715c00000, 0x0000000715e00000, 0x0000000715e00000|100%| E|CS|TAMS 0x0000000715c00000, 0x0000000715c00000| Complete 
| 146|0x0000000715e00000, 0x0000000716000000, 0x0000000716000000|100%| E|CS|TAMS 0x0000000715e00000, 0x0000000715e00000| Complete 
| 147|0x0000000716000000, 0x0000000716200000, 0x0000000716200000|100%| E|CS|TAMS 0x0000000716000000, 0x0000000716000000| Complete 
| 148|0x0000000716200000, 0x0000000716400000, 0x0000000716400000|100%| E|CS|TAMS 0x0000000716200000, 0x0000000716200000| Complete 
| 149|0x0000000716400000, 0x0000000716600000, 0x0000000716600000|100%| E|CS|TAMS 0x0000000716400000, 0x0000000716400000| Complete 
| 150|0x0000000716600000, 0x0000000716800000, 0x0000000716800000|100%| E|CS|TAMS 0x0000000716600000, 0x0000000716600000| Complete 
| 151|0x0000000716800000, 0x0000000716a00000, 0x0000000716a00000|100%| E|CS|TAMS 0x0000000716800000, 0x0000000716800000| Complete 
| 152|0x0000000716a00000, 0x0000000716c00000, 0x0000000716c00000|100%| E|CS|TAMS 0x0000000716a00000, 0x0000000716a00000| Complete 

Card table byte_map: [0x00000250daa40000,0x00000250db230000] _byte_map_base: 0x00000250d7223000

Marking Bits (Prev, Next): (CMBitMap*) 0x00000250c36efee0, (CMBitMap*) 0x00000250c36eff20
 Prev Bits: [0x00000250dba20000, 0x00000250df938000)
 Next Bits: [0x00000250df940000, 0x00000250e3858000)

Polling page: 0x00000250c2e30000

Metaspace:

Usage:
  Non-class:     96.92 MB used.
      Class:     14.82 MB used.
       Both:    111.74 MB used.

Virtual space:
  Non-class space:      128.00 MB reserved,      97.31 MB ( 76%) committed,  2 nodes.
      Class space:        1.00 GB reserved,      15.19 MB (  1%) committed,  1 nodes.
             Both:        1.12 GB reserved,     112.50 MB ( 10%) committed. 

Chunk freelists:
   Non-Class:  14.44 MB
       Class:  848.00 KB
        Both:  15.27 MB

MaxMetaspaceSize: unlimited
CompressedClassSpaceSize: 1.00 GB
Initial GC threshold: 21.00 MB
Current GC threshold: 178.75 MB
CDS: on
MetaspaceReclaimPolicy: balanced
 - commit_granule_bytes: 65536.
 - commit_granule_words: 8192.
 - virtual_space_node_default_size: 8388608.
 - enlarge_chunks_in_place: 1.
 - new_chunks_are_fully_committed: 0.
 - uncommit_free_chunks: 1.
 - use_allocation_guard: 0.
 - handle_deallocations: 1.


Internal statistics:

num_allocs_failed_limit: 15.
num_arena_births: 1610.
num_arena_deaths: 312.
num_vsnodes_births: 3.
num_vsnodes_deaths: 0.
num_space_committed: 1800.
num_space_uncommitted: 0.
num_chunks_returned_to_freelist: 470.
num_chunks_taken_from_freelist: 6042.
num_chunk_merges: 193.
num_chunk_splits: 4184.
num_chunks_enlarged: 3172.
num_inconsistent_stats: 0.

CodeHeap 'non-profiled nmethods': size=120000Kb used=8433Kb max_used=8433Kb free=111566Kb
 bounds [0x00000250d29f0000, 0x00000250d3230000, 0x00000250d9f20000]
CodeHeap 'profiled nmethods': size=120000Kb used=17827Kb max_used=19511Kb free=102172Kb
 bounds [0x00000250caf20000, 0x00000250cc240000, 0x00000250d2450000]
CodeHeap 'non-nmethods': size=5760Kb used=1534Kb max_used=1577Kb free=4225Kb
 bounds [0x00000250d2450000, 0x00000250d26c0000, 0x00000250d29f0000]
 total_blobs=10638 nmethods=9745 adapters=804
 compilation: enabled
              stopped_count=0, restarted_count=0
 full_count=0

Compilation events (20 events):
Event: 3459.694 Thread 0x00000250e6409780 12187       3       java.nio.channels.SelectionKey::isConnectable (16 bytes)
Event: 3459.694 Thread 0x00000250e6409780 nmethod 12187 0x00000250cb7dfc10 code [0x00000250cb7dfde0, 0x00000250cb7e01e8]
Event: 3459.695 Thread 0x00000250e6409780 12188       2       sun.nio.ch.IOVecWrapper::getShadow (7 bytes)
Event: 3459.695 Thread 0x00000250e6409780 nmethod 12188 0x00000250cbd82210 code [0x00000250cbd823a0, 0x00000250cbd824d8]
Event: 3459.696 Thread 0x00000250e6409780 12189   !   2       sun.nio.ch.WEPollSelectorImpl::doSelect (107 bytes)
Event: 3459.696 Thread 0x00000250e6409780 nmethod 12189 0x00000250cbd7e710 code [0x00000250cbd7e920, 0x00000250cbd7ecd8]
Event: 3459.697 Thread 0x00000250e6409780 12191       2       sun.nio.ch.IOVecWrapper::getPosition (7 bytes)
Event: 3459.697 Thread 0x00000250e6409780 nmethod 12191 0x00000250cbe18e90 code [0x00000250cbe19020, 0x00000250cbe19158]
Event: 3459.697 Thread 0x00000250e6409780 12190       2       sun.nio.ch.IOVecWrapper::setBuffer (23 bytes)
Event: 3459.697 Thread 0x00000250e6409780 nmethod 12190 0x00000250cbd3e110 code [0x00000250cbd3e2c0, 0x00000250cbd3e538]
Event: 3459.725 Thread 0x00000250e64054b0 nmethod 12072 0x00000250d3203990 code [0x00000250d3203fc0, 0x00000250d320b1a8]
Event: 3459.726 Thread 0x00000250e64054b0 12074       4       org.springframework.core.annotation.AnnotatedElementUtils::getMergedAnnotationAttributes (22 bytes)
Event: 3460.094 Thread 0x00000250edb69970 nmethod 12120 0x00000250d320f290 code [0x00000250d320fb20, 0x00000250d32162d8]
Event: 3460.094 Thread 0x00000250edb69970 12197       4       org.slf4j.helpers.MessageFormatter::arrayFormat (262 bytes)
Event: 3460.235 Thread 0x00000250e64054b0 nmethod 12074 0x00000250d321a290 code [0x00000250d321ab20, 0x00000250d3221f68]
Event: 3460.236 Thread 0x00000250e64054b0 11943       4       org.springframework.transaction.annotation.SpringTransactionAnnotationParser::parseTransactionAnnotation (21 bytes)
Event: 3460.260 Thread 0x00000250edb69970 nmethod 12197 0x00000250d3226990 code [0x00000250d3226cc0, 0x00000250d322a360]
Event: 3460.260 Thread 0x00000250edb69970 11946       4       java.lang.Class::annotationData (44 bytes)
Event: 3460.268 Thread 0x00000250e6409780 12198       3       sun.nio.ch.WEPoll::getEvent (9 bytes)
Event: 3460.269 Thread 0x00000250e6409780 nmethod 12198 0x00000250cb67d810 code [0x00000250cb67d9a0, 0x00000250cb67da98]

GC Heap History (20 events):
Event: 3456.661 GC heap before
{Heap before GC invocations=1079 (full 0):
 garbage-first heap   total 313344K, used 239870K [0x0000000703a00000, 0x0000000800000000)
  region size 2048K, 91 young (186368K), 1 survivors (2048K)
 Metaspace       used 108944K, committed 109888K, reserved 1179648K
  class space    used 14441K, committed 14976K, reserved 1048576K
}
Event: 3456.662 GC heap after
{Heap after GC invocations=1080 (full 0):
 garbage-first heap   total 313344K, used 55546K [0x0000000703a00000, 0x0000000800000000)
  region size 2048K, 1 young (2048K), 1 survivors (2048K)
 Metaspace       used 108944K, committed 109888K, reserved 1179648K
  class space    used 14441K, committed 14976K, reserved 1048576K
}
Event: 3456.902 GC heap before
{Heap before GC invocations=1080 (full 0):
 garbage-first heap   total 313344K, used 239866K [0x0000000703a00000, 0x0000000800000000)
  region size 2048K, 91 young (186368K), 1 survivors (2048K)
 Metaspace       used 108944K, committed 109888K, reserved 1179648K
  class space    used 14441K, committed 14976K, reserved 1048576K
}
Event: 3456.903 GC heap after
{Heap after GC invocations=1081 (full 0):
 garbage-first heap   total 313344K, used 55536K [0x0000000703a00000, 0x0000000800000000)
  region size 2048K, 1 young (2048K), 1 survivors (2048K)
 Metaspace       used 108944K, committed 109888K, reserved 1179648K
  class space    used 14441K, committed 14976K, reserved 1048576K
}
Event: 3457.130 GC heap before
{Heap before GC invocations=1081 (full 0):
 garbage-first heap   total 313344K, used 239856K [0x0000000703a00000, 0x0000000800000000)
  region size 2048K, 91 young (186368K), 1 survivors (2048K)
 Metaspace       used 108944K, committed 109888K, reserved 1179648K
  class space    used 14441K, committed 14976K, reserved 1048576K
}
Event: 3457.131 GC heap after
{Heap after GC invocations=1082 (full 0):
 garbage-first heap   total 313344K, used 55546K [0x0000000703a00000, 0x0000000800000000)
  region size 2048K, 1 young (2048K), 1 survivors (2048K)
 Metaspace       used 108944K, committed 109888K, reserved 1179648K
  class space    used 14441K, committed 14976K, reserved 1048576K
}
Event: 3457.394 GC heap before
{Heap before GC invocations=1082 (full 0):
 garbage-first heap   total 313344K, used 239866K [0x0000000703a00000, 0x0000000800000000)
  region size 2048K, 91 young (186368K), 1 survivors (2048K)
 Metaspace       used 108944K, committed 109888K, reserved 1179648K
  class space    used 14441K, committed 14976K, reserved 1048576K
}
Event: 3457.395 GC heap after
{Heap after GC invocations=1083 (full 0):
 garbage-first heap   total 313344K, used 55552K [0x0000000703a00000, 0x0000000800000000)
  region size 2048K, 1 young (2048K), 1 survivors (2048K)
 Metaspace       used 108944K, committed 109888K, reserved 1179648K
  class space    used 14441K, committed 14976K, reserved 1048576K
}
Event: 3457.632 GC heap before
{Heap before GC invocations=1083 (full 0):
 garbage-first heap   total 313344K, used 239872K [0x0000000703a00000, 0x0000000800000000)
  region size 2048K, 91 young (186368K), 1 survivors (2048K)
 Metaspace       used 108944K, committed 109888K, reserved 1179648K
  class space    used 14441K, committed 14976K, reserved 1048576K
}
Event: 3457.633 GC heap after
{Heap after GC invocations=1084 (full 0):
 garbage-first heap   total 313344K, used 55538K [0x0000000703a00000, 0x0000000800000000)
  region size 2048K, 1 young (2048K), 1 survivors (2048K)
 Metaspace       used 108944K, committed 109888K, reserved 1179648K
  class space    used 14441K, committed 14976K, reserved 1048576K
}
Event: 3457.861 GC heap before
{Heap before GC invocations=1084 (full 0):
 garbage-first heap   total 313344K, used 239858K [0x0000000703a00000, 0x0000000800000000)
  region size 2048K, 91 young (186368K), 1 survivors (2048K)
 Metaspace       used 108944K, committed 109888K, reserved 1179648K
  class space    used 14441K, committed 14976K, reserved 1048576K
}
Event: 3457.862 GC heap after
{Heap after GC invocations=1085 (full 0):
 garbage-first heap   total 313344K, used 55536K [0x0000000703a00000, 0x0000000800000000)
  region size 2048K, 1 young (2048K), 1 survivors (2048K)
 Metaspace       used 108944K, committed 109888K, reserved 1179648K
  class space    used 14441K, committed 14976K, reserved 1048576K
}
Event: 3458.144 GC heap before
{Heap before GC invocations=1085 (full 0):
 garbage-first heap   total 313344K, used 239856K [0x0000000703a00000, 0x0000000800000000)
  region size 2048K, 91 young (186368K), 1 survivors (2048K)
 Metaspace       used 108944K, committed 109888K, reserved 1179648K
  class space    used 14441K, committed 14976K, reserved 1048576K
}
Event: 3458.146 GC heap after
{Heap after GC invocations=1086 (full 0):
 garbage-first heap   total 313344K, used 55538K [0x0000000703a00000, 0x0000000800000000)
  region size 2048K, 1 young (2048K), 1 survivors (2048K)
 Metaspace       used 108944K, committed 109888K, reserved 1179648K
  class space    used 14441K, committed 14976K, reserved 1048576K
}
Event: 3458.536 GC heap before
{Heap before GC invocations=1086 (full 0):
 garbage-first heap   total 313344K, used 239858K [0x0000000703a00000, 0x0000000800000000)
  region size 2048K, 91 young (186368K), 1 survivors (2048K)
 Metaspace       used 109760K, committed 110592K, reserved 1179648K
  class space    used 14545K, committed 14976K, reserved 1048576K
}
Event: 3458.538 GC heap after
{Heap after GC invocations=1087 (full 0):
 garbage-first heap   total 313344K, used 55836K [0x0000000703a00000, 0x0000000800000000)
  region size 2048K, 1 young (2048K), 1 survivors (2048K)
 Metaspace       used 109760K, committed 110592K, reserved 1179648K
  class space    used 14545K, committed 14976K, reserved 1048576K
}
Event: 3459.181 GC heap before
{Heap before GC invocations=1087 (full 0):
 garbage-first heap   total 313344K, used 240156K [0x0000000703a00000, 0x0000000800000000)
  region size 2048K, 91 young (186368K), 1 survivors (2048K)
 Metaspace       used 112138K, committed 112896K, reserved 1179648K
  class space    used 14871K, committed 15232K, reserved 1048576K
}
Event: 3459.184 GC heap after
{Heap after GC invocations=1088 (full 0):
 garbage-first heap   total 313344K, used 56397K [0x0000000703a00000, 0x0000000800000000)
  region size 2048K, 1 young (2048K), 1 survivors (2048K)
 Metaspace       used 112138K, committed 112896K, reserved 1179648K
  class space    used 14871K, committed 15232K, reserved 1048576K
}
Event: 3460.032 GC heap before
{Heap before GC invocations=1088 (full 0):
 garbage-first heap   total 313344K, used 240717K [0x0000000703a00000, 0x0000000800000000)
  region size 2048K, 91 young (186368K), 1 survivors (2048K)
 Metaspace       used 114418K, committed 115200K, reserved 1179648K
  class space    used 15177K, committed 15552K, reserved 1048576K
}
Event: 3460.036 GC heap after
{Heap after GC invocations=1089 (full 0):
 garbage-first heap   total 313344K, used 57173K [0x0000000703a00000, 0x0000000800000000)
  region size 2048K, 1 young (2048K), 1 survivors (2048K)
 Metaspace       used 114418K, committed 115200K, reserved 1179648K
  class space    used 15177K, committed 15552K, reserved 1048576K
}

Deoptimization events (20 events):
Event: 3459.630 Thread 0x00000250eb044d10 DEOPT PACKING pc=0x00000250d2ba9e5c sp=0x000000b4236feb00
Event: 3459.630 Thread 0x00000250eb044d10 DEOPT UNPACKING pc=0x00000250d24a5ba3 sp=0x000000b4236fea88 mode 2
Event: 3459.631 Thread 0x00000250eb044d10 Uncommon trap: trap_request=0xffffff45 fr.pc=0x00000250d2f1edc8 relative=0x00000000000007e8
Event: 3459.631 Thread 0x00000250eb044d10 Uncommon trap: reason=unstable_if action=reinterpret pc=0x00000250d2f1edc8 method=org.apache.kafka.clients.ClusterConnectionStates.connectionDelay(Ljava/lang/String;J)J @ 30 c2
Event: 3459.631 Thread 0x00000250eb044d10 DEOPT PACKING pc=0x00000250d2f1edc8 sp=0x000000b4236fed20
Event: 3459.631 Thread 0x00000250eb044d10 DEOPT UNPACKING pc=0x00000250d24a5ba3 sp=0x000000b4236fecb0 mode 2
Event: 3459.642 Thread 0x00000250eb044d10 DEOPT PACKING pc=0x00000250cb6273a4 sp=0x000000b4236fe9a0
Event: 3459.642 Thread 0x00000250eb044d10 DEOPT UNPACKING pc=0x00000250d24a66e3 sp=0x000000b4236fde50 mode 0
Event: 3459.646 Thread 0x00000250eb044d10 Uncommon trap: trap_request=0xffffff45 fr.pc=0x00000250d2f14888 relative=0x0000000000003168
Event: 3459.646 Thread 0x00000250eb044d10 Uncommon trap: reason=unstable_if action=reinterpret pc=0x00000250d2f14888 method=sun.nio.ch.IOVecWrapper.get(I)Lsun/nio/ch/IOVecWrapper; @ 19 c2
Event: 3459.646 Thread 0x00000250eb044d10 DEOPT PACKING pc=0x00000250d2f14888 sp=0x000000b4236feb20
Event: 3459.646 Thread 0x00000250eb044d10 DEOPT UNPACKING pc=0x00000250d24a5ba3 sp=0x000000b4236fea30 mode 2
Event: 3459.652 Thread 0x00000250eb044d10 Uncommon trap: trap_request=0xffffffde fr.pc=0x00000250d2f18d90 relative=0x00000000000005d0
Event: 3459.652 Thread 0x00000250eb044d10 Uncommon trap: reason=class_check action=maybe_recompile pc=0x00000250d2f18d90 method=org.apache.kafka.clients.ClientResponse.onComplete()V @ 12 c2
Event: 3459.652 Thread 0x00000250eb044d10 DEOPT PACKING pc=0x00000250d2f18d90 sp=0x000000b4236fede0
Event: 3459.652 Thread 0x00000250eb044d10 DEOPT UNPACKING pc=0x00000250d24a5ba3 sp=0x000000b4236fed40 mode 2
Event: 3459.668 Thread 0x00000250eb1273b0 Uncommon trap: trap_request=0xffffffde fr.pc=0x00000250d2d6f390 relative=0x0000000000001290
Event: 3459.668 Thread 0x00000250eb1273b0 Uncommon trap: reason=class_check action=maybe_recompile pc=0x00000250d2d6f390 method=org.springframework.core.MethodParameter.getGenericParameterType()Ljava/lang/reflect/Type; @ 17 c2
Event: 3459.668 Thread 0x00000250eb1273b0 DEOPT PACKING pc=0x00000250d2d6f390 sp=0x000000b4251fd8b0
Event: 3459.668 Thread 0x00000250eb1273b0 DEOPT UNPACKING pc=0x00000250d24a5ba3 sp=0x000000b4251fd870 mode 2

Classes unloaded (20 events):
Event: 417.796 Thread 0x00000250e62cc570 Unloading class 0x0000025081e16800 'java/lang/invoke/LambdaForm$MH+0x0000025081e16800'
Event: 417.796 Thread 0x00000250e62cc570 Unloading class 0x0000025081e15800 'java/lang/invoke/LambdaForm$MH+0x0000025081e15800'
Event: 417.796 Thread 0x00000250e62cc570 Unloading class 0x0000025081e15c00 'java/lang/invoke/LambdaForm$MH+0x0000025081e15c00'
Event: 417.796 Thread 0x00000250e62cc570 Unloading class 0x0000025081e14c00 'java/lang/invoke/LambdaForm$MH+0x0000025081e14c00'
Event: 417.796 Thread 0x00000250e62cc570 Unloading class 0x0000025081e15000 'java/lang/invoke/LambdaForm$MH+0x0000025081e15000'
Event: 417.796 Thread 0x00000250e62cc570 Unloading class 0x0000025081e14000 'java/lang/invoke/LambdaForm$MH+0x0000025081e14000'
Event: 417.796 Thread 0x00000250e62cc570 Unloading class 0x0000025081e14800 'java/lang/invoke/LambdaForm$MH+0x0000025081e14800'
Event: 417.796 Thread 0x00000250e62cc570 Unloading class 0x0000025081e14400 'java/lang/invoke/LambdaForm$MH+0x0000025081e14400'
Event: 417.796 Thread 0x00000250e62cc570 Unloading class 0x0000025081dcf800 'java/lang/invoke/LambdaForm$DMH+0x0000025081dcf800'
Event: 417.796 Thread 0x00000250e62cc570 Unloading class 0x0000025081dcf400 'java/lang/invoke/LambdaForm$DMH+0x0000025081dcf400'
Event: 417.796 Thread 0x00000250e62cc570 Unloading class 0x0000025081dcec00 'java/lang/invoke/LambdaForm$DMH+0x0000025081dcec00'
Event: 417.796 Thread 0x00000250e62cc570 Unloading class 0x0000025081dcf000 'java/lang/invoke/LambdaForm$DMH+0x0000025081dcf000'
Event: 417.796 Thread 0x00000250e62cc570 Unloading class 0x0000025081dce400 'java/lang/invoke/LambdaForm$DMH+0x0000025081dce400'
Event: 417.796 Thread 0x00000250e62cc570 Unloading class 0x0000025081dce000 'java/lang/invoke/LambdaForm$DMH+0x0000025081dce000'
Event: 417.796 Thread 0x00000250e62cc570 Unloading class 0x0000025081dcdc00 'java/lang/invoke/LambdaForm$DMH+0x0000025081dcdc00'
Event: 417.796 Thread 0x00000250e62cc570 Unloading class 0x0000025081dcd400 'java/lang/invoke/LambdaForm$DMH+0x0000025081dcd400'
Event: 417.796 Thread 0x00000250e62cc570 Unloading class 0x0000025081dcd000 'java/lang/invoke/LambdaForm$DMH+0x0000025081dcd000'
Event: 417.796 Thread 0x00000250e62cc570 Unloading class 0x0000025081dccc00 'java/lang/invoke/LambdaForm$DMH+0x0000025081dccc00'
Event: 417.796 Thread 0x00000250e62cc570 Unloading class 0x0000025081dcc400 'java/lang/invoke/LambdaForm$DMH+0x0000025081dcc400'
Event: 417.796 Thread 0x00000250e62cc570 Unloading class 0x0000025081dcc800 'java/lang/invoke/LambdaForm$DMH+0x0000025081dcc800'

Classes redefined (0 events):
No events

Internal exceptions (20 events):
Event: 3460.362 Thread 0x00000250ecb6d810 Exception <a 'java/io/IOException'{0x0000000713b51000}> (0x0000000713b51000) 
thrown [s\open\src\hotspot\share\prims\jni.cpp, line 516]
Event: 3460.362 Thread 0x00000250ecb6d810 Exception <a 'java/io/IOException'{0x0000000713b51310}> (0x0000000713b51310) 
thrown [s\open\src\hotspot\share\prims\jni.cpp, line 516]
Event: 3460.362 Thread 0x00000250ecb6d810 Exception <a 'java/io/IOException'{0x0000000713b53e00}> (0x0000000713b53e00) 
thrown [s\open\src\hotspot\share\prims\jni.cpp, line 516]
Event: 3460.362 Thread 0x00000250ecb6d810 Exception <a 'java/io/IOException'{0x0000000713b543b8}> (0x0000000713b543b8) 
thrown [s\open\src\hotspot\share\prims\jni.cpp, line 516]
Event: 3460.362 Thread 0x00000250ecb6d810 Exception <a 'java/io/IOException'{0x0000000713b63908}> (0x0000000713b63908) 
thrown [s\open\src\hotspot\share\prims\jni.cpp, line 516]
Event: 3460.362 Thread 0x00000250ecb6d810 Exception <a 'java/io/IOException'{0x0000000713b63c18}> (0x0000000713b63c18) 
thrown [s\open\src\hotspot\share\prims\jni.cpp, line 516]
Event: 3460.362 Thread 0x00000250ecb6d810 Exception <a 'java/io/IOException'{0x0000000713b662d0}> (0x0000000713b662d0) 
thrown [s\open\src\hotspot\share\prims\jni.cpp, line 516]
Event: 3460.362 Thread 0x00000250ecb6d810 Exception <a 'java/io/IOException'{0x0000000713b66888}> (0x0000000713b66888) 
thrown [s\open\src\hotspot\share\prims\jni.cpp, line 516]
Event: 3460.362 Thread 0x00000250ecb6d810 Exception <a 'java/io/IOException'{0x0000000713b75dd8}> (0x0000000713b75dd8) 
thrown [s\open\src\hotspot\share\prims\jni.cpp, line 516]
Event: 3460.362 Thread 0x00000250ecb6d810 Exception <a 'java/io/IOException'{0x0000000713b760e8}> (0x0000000713b760e8) 
thrown [s\open\src\hotspot\share\prims\jni.cpp, line 516]
Event: 3460.362 Thread 0x00000250ecb6d810 Exception <a 'java/io/IOException'{0x0000000713b787a0}> (0x0000000713b787a0) 
thrown [s\open\src\hotspot\share\prims\jni.cpp, line 516]
Event: 3460.362 Thread 0x00000250ecb6d810 Exception <a 'java/io/IOException'{0x0000000713b78d58}> (0x0000000713b78d58) 
thrown [s\open\src\hotspot\share\prims\jni.cpp, line 516]
Event: 3460.362 Thread 0x00000250ecb6d810 Exception <a 'java/io/IOException'{0x0000000713b882a8}> (0x0000000713b882a8) 
thrown [s\open\src\hotspot\share\prims\jni.cpp, line 516]
Event: 3460.362 Thread 0x00000250ecb6d810 Exception <a 'java/io/IOException'{0x0000000713b885b8}> (0x0000000713b885b8) 
thrown [s\open\src\hotspot\share\prims\jni.cpp, line 516]
Event: 3460.362 Thread 0x00000250ecb6d810 Exception <a 'java/io/IOException'{0x0000000713b8ac70}> (0x0000000713b8ac70) 
thrown [s\open\src\hotspot\share\prims\jni.cpp, line 516]
Event: 3460.362 Thread 0x00000250ecb6d810 Exception <a 'java/io/IOException'{0x0000000713b8b228}> (0x0000000713b8b228) 
thrown [s\open\src\hotspot\share\prims\jni.cpp, line 516]
Event: 3460.362 Thread 0x00000250ecb6d810 Exception <a 'java/io/IOException'{0x0000000713b9a778}> (0x0000000713b9a778) 
thrown [s\open\src\hotspot\share\prims\jni.cpp, line 516]
Event: 3460.362 Thread 0x00000250ecb6d810 Exception <a 'java/io/IOException'{0x0000000713b9aa88}> (0x0000000713b9aa88) 
thrown [s\open\src\hotspot\share\prims\jni.cpp, line 516]
Event: 3460.362 Thread 0x00000250ecb6d810 Exception <a 'java/io/IOException'{0x0000000713b9d140}> (0x0000000713b9d140) 
thrown [s\open\src\hotspot\share\prims\jni.cpp, line 516]
Event: 3460.362 Thread 0x00000250ecb6d810 Exception <a 'java/io/IOException'{0x0000000713b9d6f8}> (0x0000000713b9d6f8) 
thrown [s\open\src\hotspot\share\prims\jni.cpp, line 516]

VM Operations (20 events):
Event: 3457.632 Executing VM operation: G1CollectForAllocation
Event: 3457.633 Executing VM operation: G1CollectForAllocation done
Event: 3457.861 Executing VM operation: G1CollectForAllocation
Event: 3457.862 Executing VM operation: G1CollectForAllocation done
Event: 3458.144 Executing VM operation: G1CollectForAllocation
Event: 3458.146 Executing VM operation: G1CollectForAllocation done
Event: 3458.520 Executing VM operation: HandshakeAllThreads
Event: 3458.520 Executing VM operation: HandshakeAllThreads done
Event: 3458.536 Executing VM operation: G1CollectForAllocation
Event: 3458.538 Executing VM operation: G1CollectForAllocation done
Event: 3458.638 Executing VM operation: HandshakeAllThreads
Event: 3458.638 Executing VM operation: HandshakeAllThreads done
Event: 3459.181 Executing VM operation: G1CollectForAllocation
Event: 3459.184 Executing VM operation: G1CollectForAllocation done
Event: 3459.667 Executing VM operation: HandshakeAllThreads
Event: 3459.667 Executing VM operation: HandshakeAllThreads done
Event: 3459.672 Executing VM operation: HandshakeAllThreads
Event: 3459.672 Executing VM operation: HandshakeAllThreads done
Event: 3460.032 Executing VM operation: G1CollectForAllocation
Event: 3460.036 Executing VM operation: G1CollectForAllocation done

Events (20 events):
Event: 3459.248 loading class sun/net/www/http/Hurryable done
Event: 3459.248 loading class sun/net/www/http/ChunkedInputStream done
Event: 3459.249 loading class sun/net/www/protocol/http/HttpURLConnection$HttpInputStream
Event: 3459.249 loading class sun/net/www/protocol/http/HttpURLConnection$HttpInputStream done
Event: 3459.276 loading class sun/net/www/http/KeepAliveCache$1
Event: 3459.277 loading class sun/net/www/http/KeepAliveCache$1 done
Event: 3459.277 Thread 0x00000250eb045220 Thread added: 0x00000250eb045220
Event: 3459.277 loading class sun/net/www/http/ClientVector
Event: 3459.277 loading class sun/net/www/http/ClientVector done
Event: 3459.277 loading class sun/net/www/http/KeepAliveEntry
Event: 3459.277 loading class sun/net/www/http/KeepAliveEntry done
Event: 3459.508 loading class java/util/PriorityQueue
Event: 3459.508 loading class java/util/PriorityQueue done
Event: 3459.549 Thread 0x00000250eb044d10 Thread added: 0x00000250eb044d10
Event: 3459.590 loading class java/util/stream/LongStream
Event: 3459.591 loading class java/util/stream/LongStream done
Event: 3459.591 loading class java/util/stream/DoubleStream
Event: 3459.591 loading class java/util/stream/DoubleStream done
Event: 3459.688 loading class sun/nio/cs/ISO_8859_1$Encoder
Event: 3459.688 loading class sun/nio/cs/ISO_8859_1$Encoder done


Dynamic libraries:
0x00007ff6b36e0000 - 0x00007ff6b36f0000 	C:\Program Files\Java\jdk-17\bin\java.exe
0x00007fff35430000 - 0x00007fff35648000 	C:\WINDOWS\SYSTEM32\ntdll.dll
0x00007fff34920000 - 0x00007fff349e4000 	C:\WINDOWS\System32\KERNEL32.DLL
0x00007fff327d0000 - 0x00007fff32ba3000 	C:\WINDOWS\System32\KERNELBASE.dll
0x00007fff32540000 - 0x00007fff32651000 	C:\WINDOWS\System32\ucrtbase.dll
0x00007ffee07b0000 - 0x00007ffee07cb000 	C:\Program Files\Java\jdk-17\bin\VCRUNTIME140.dll
0x00007fff0bbe0000 - 0x00007fff0bbf9000 	C:\Program Files\Java\jdk-17\bin\jli.dll
0x00007fff33370000 - 0x00007fff33421000 	C:\WINDOWS\System32\ADVAPI32.dll
0x00007fff336b0000 - 0x00007fff33757000 	C:\WINDOWS\System32\msvcrt.dll
0x00007fff352b0000 - 0x00007fff35358000 	C:\WINDOWS\System32\sechost.dll
0x00007fff32bb0000 - 0x00007fff32bd8000 	C:\WINDOWS\System32\bcrypt.dll
0x00007fff33440000 - 0x00007fff33558000 	C:\WINDOWS\System32\RPCRT4.dll
0x00007fff33fc0000 - 0x00007fff34172000 	C:\WINDOWS\System32\USER32.dll
0x00007fff32f80000 - 0x00007fff32fa6000 	C:\WINDOWS\System32\win32u.dll
0x00007fff17c30000 - 0x00007fff17ecc000 	C:\WINDOWS\WinSxS\amd64_microsoft.windows.common-controls_6595b64144ccf1df_6.0.22621.6060_none_2712eda17382d24b\COMCTL32.dll
0x00007fff342d0000 - 0x00007fff342f9000 	C:\WINDOWS\System32\GDI32.dll
0x00007fff32be0000 - 0x00007fff32cfb000 	C:\WINDOWS\System32\gdi32full.dll
0x00007fff33030000 - 0x00007fff330ca000 	C:\WINDOWS\System32\msvcp_win.dll
0x00007fff270b0000 - 0x00007fff270ba000 	C:\WINDOWS\SYSTEM32\VERSION.dll
0x00007fff34460000 - 0x00007fff34491000 	C:\WINDOWS\System32\IMM32.DLL
0x00007fff2aeb0000 - 0x00007fff2aebc000 	C:\Program Files\Java\jdk-17\bin\vcruntime140_1.dll
0x00007ffe70e30000 - 0x00007ffe70ebe000 	C:\Program Files\Java\jdk-17\bin\msvcp140.dll
0x00007ffe31ae0000 - 0x00007ffe326c0000 	C:\Program Files\Java\jdk-17\bin\server\jvm.dll
0x00007fff34230000 - 0x00007fff34238000 	C:\WINDOWS\System32\PSAPI.DLL
0x00007fff0adc0000 - 0x00007fff0adc9000 	C:\WINDOWS\SYSTEM32\WSOCK32.dll
0x00007fff35370000 - 0x00007fff353e1000 	C:\WINDOWS\System32\WS2_32.dll
0x00007fff2b460000 - 0x00007fff2b494000 	C:\WINDOWS\SYSTEM32\WINMM.dll
0x00007fff314f0000 - 0x00007fff31508000 	C:\WINDOWS\SYSTEM32\kernel.appcore.dll
0x00007fff117a0000 - 0x00007fff117aa000 	C:\Program Files\Java\jdk-17\bin\jimage.dll
0x00007fff2fef0000 - 0x00007fff30123000 	C:\WINDOWS\SYSTEM32\DBGHELP.DLL
0x00007fff33760000 - 0x00007fff33af1000 	C:\WINDOWS\System32\combase.dll
0x00007fff33b70000 - 0x00007fff33c48000 	C:\WINDOWS\System32\OLEAUT32.dll
0x00007fff11130000 - 0x00007fff11162000 	C:\WINDOWS\SYSTEM32\dbgcore.DLL
0x00007fff32f00000 - 0x00007fff32f7b000 	C:\WINDOWS\System32\bcryptPrimitives.dll
0x00007fff0b820000 - 0x00007fff0b82e000 	C:\Program Files\Java\jdk-17\bin\instrument.dll
0x00007ffeccab0000 - 0x00007ffeccad5000 	C:\Program Files\Java\jdk-17\bin\java.dll
0x00007ffe707f0000 - 0x00007ffe708c7000 	C:\Program Files\Java\jdk-17\bin\jsvml.dll
0x00007fff349f0000 - 0x00007fff3528c000 	C:\WINDOWS\System32\SHELL32.dll
0x00007fff32dc0000 - 0x00007fff32eff000 	C:\WINDOWS\System32\wintypes.dll
0x00007fff303f0000 - 0x00007fff30d0a000 	C:\WINDOWS\SYSTEM32\windows.storage.dll
0x00007fff33260000 - 0x00007fff33364000 	C:\WINDOWS\System32\SHCORE.dll
0x00007fff335f0000 - 0x00007fff33659000 	C:\WINDOWS\System32\shlwapi.dll
0x00007fff32470000 - 0x00007fff32495000 	C:\WINDOWS\SYSTEM32\profapi.dll
0x00007ffecca90000 - 0x00007ffeccaa8000 	C:\Program Files\Java\jdk-17\bin\zip.dll
0x00007ffedcbc0000 - 0x00007ffedcbd9000 	C:\Program Files\Java\jdk-17\bin\net.dll
0x00007fff2c670000 - 0x00007fff2c79c000 	C:\WINDOWS\SYSTEM32\WINHTTP.dll
0x00007fff31a00000 - 0x00007fff31a69000 	C:\WINDOWS\system32\mswsock.dll
0x00007ffecce80000 - 0x00007ffecce96000 	C:\Program Files\Java\jdk-17\bin\nio.dll
0x00007ffecca70000 - 0x00007ffecca8a000 	C:\Program Files\JetBrains\IntelliJ IDEA Community Edition 2024.3\bin\breakgen64.dll
0x00007fff30f70000 - 0x00007fff30f9d000 	C:\WINDOWS\SYSTEM32\IPHLPAPI.DLL
0x00007fff342c0000 - 0x00007fff342c9000 	C:\WINDOWS\System32\NSI.dll
0x00007fff2b6d0000 - 0x00007fff2b6e9000 	C:\WINDOWS\SYSTEM32\dhcpcsvc6.DLL
0x00007fff2b690000 - 0x00007fff2b6af000 	C:\WINDOWS\SYSTEM32\dhcpcsvc.DLL
0x00007fff30fa0000 - 0x00007fff31098000 	C:\WINDOWS\SYSTEM32\DNSAPI.dll
0x00007fff01430000 - 0x00007fff0143e000 	C:\Program Files\Java\jdk-17\bin\sunmscapi.dll
0x00007fff32660000 - 0x00007fff327c8000 	C:\WINDOWS\System32\CRYPT32.dll
0x00007fff31e10000 - 0x00007fff31e3e000 	C:\WINDOWS\SYSTEM32\ncrypt.dll
0x00007fff31dd0000 - 0x00007fff31e07000 	C:\WINDOWS\SYSTEM32\NTASN1.dll
0x00007fff31c50000 - 0x00007fff31c6b000 	C:\WINDOWS\SYSTEM32\CRYPTSP.dll
0x00007fff31450000 - 0x00007fff31487000 	C:\WINDOWS\system32\rsaenh.dll
0x00007fff31af0000 - 0x00007fff31b18000 	C:\WINDOWS\SYSTEM32\USERENV.dll
0x00007fff31c70000 - 0x00007fff31c7c000 	C:\WINDOWS\SYSTEM32\CRYPTBASE.dll
0x00007fff011c0000 - 0x00007fff011ca000 	C:\Program Files\Java\jdk-17\bin\management.dll
0x00007ffef7bf0000 - 0x00007ffef7bfb000 	C:\Program Files\Java\jdk-17\bin\management_ext.dll
0x00007fff28dc0000 - 0x00007fff28dca000 	C:\Windows\System32\rasadhlp.dll
0x00007fff29040000 - 0x00007fff290c4000 	C:\WINDOWS\System32\fwpuclnt.dll
0x00007ffef7b10000 - 0x00007ffef7b20000 	C:\Program Files\Java\jdk-17\bin\verify.dll
0x00007ffe999c0000 - 0x00007ffe999c8000 	C:\WINDOWS\system32\wshunix.dll

dbghelp: loaded successfully - version: 4.0.5 - missing functions: none
symbol engine: initialized successfully - sym options: 0x614 - pdb path: .;C:\Program Files\Java\jdk-17\bin;C:\WINDOWS\SYSTEM32;C:\WINDOWS\WinSxS\amd64_microsoft.windows.common-controls_6595b64144ccf1df_6.0.22621.6060_none_2712eda17382d24b;C:\Program Files\Java\jdk-17\bin\server;C:\Program Files\JetBrains\IntelliJ IDEA Community Edition 2024.3\bin

VM Arguments:
jvm_args: -javaagent:C:\Program Files\JetBrains\IntelliJ IDEA Community Edition 2024.3\lib\idea_rt.jar=63894:C:\Program Files\JetBrains\IntelliJ IDEA Community Edition 2024.3\bin -Dfile.encoding=UTF-8 
java_command: com.ekart.orders.OrdersApplication
java_class_path (initial): D:\Kuber\workspace\E-Commerece Project\orders\target\classes;C:\Users\P Saran Kumar\.m2\repository\org\springframework\boot\spring-boot-starter-data-jpa\4.0.1\spring-boot-starter-data-jpa-4.0.1.jar;C:\Users\P Saran Kumar\.m2\repository\org\springframework\boot\spring-boot-starter\4.0.1\spring-boot-starter-4.0.1.jar;C:\Users\P Saran Kumar\.m2\repository\org\springframework\boot\spring-boot-starter-logging\4.0.1\spring-boot-starter-logging-4.0.1.jar;C:\Users\P Saran Kumar\.m2\repository\ch\qos\logback\logback-classic\1.5.22\logback-classic-1.5.22.jar;C:\Users\P Saran Kumar\.m2\repository\ch\qos\logback\logback-core\1.5.22\logback-core-1.5.22.jar;C:\Users\P Saran Kumar\.m2\repository\org\apache\logging\log4j\log4j-to-slf4j\2.25.3\log4j-to-slf4j-2.25.3.jar;C:\Users\P Saran Kumar\.m2\repository\org\slf4j\jul-to-slf4j\2.0.17\jul-to-slf4j-2.0.17.jar;C:\Users\P Saran Kumar\.m2\repository\org\springframework\boot\spring-boot-autoconfigure\4.0.1\spring-boot-autoconfigure-4.0.1.jar;C:\Users\P Saran Kumar\.m2\repository\jakarta\annotation\jakarta.annotation-api\3.0.0\jakarta.annotation-api-3.0.0.jar;C:\Users\P Saran Kumar\.m2\repository\org\yaml\snakeyaml\2.5\snakeyaml-2.5.jar;C:\Users\P Saran Kumar\.m2\repository\org\springframework\boot\spring-boot-starter-jdbc\4.0.1\spring-boot-starter-jdbc-4.0.1.jar;C:\Users\P Saran Kumar\.m2\repository\com\zaxxer\HikariCP\7.0.2\HikariCP-7.0.2.jar;C:\Users\P Saran Kumar\.m2\repository\org\springframework\boot\spring-boot-data-jpa\4.0.1\spring-boot-data-jpa-4.0.1.jar;C:\Users\P Saran Kumar\.m2\repository\org\springframework\boot\spring-boot-data-commons\4.0.1\spring-boot-data-commons-4.0.1.jar;C:\Users\P Saran Kumar\.m2\repository\org\springframework\boot\spring-boot-persistence\4.0.1\spring-boot-persistence-4.0.1.jar;C:\Users\P Saran Kumar\.m2\repository\org\springframework\data\spring-data-commons\4.0.1\spring-data-commons-4.0.1.jar;C:\Users\P Saran Kumar\.m2\repository\org\springframework\boot\spring-boot-hibe
Launcher Type: SUN_STANDARD

[Global flags]
     intx CICompilerCount                          = 4                                         {product} {ergonomic}
     uint ConcGCThreads                            = 2                                         {product} {ergonomic}
     uint G1ConcRefinementThreads                  = 8                                         {product} {ergonomic}
   size_t G1HeapRegionSize                         = 2097152                                   {product} {ergonomic}
    uintx GCDrainStackTargetSize                   = 64                                        {product} {ergonomic}
   size_t InitialHeapSize                          = 266338304                                 {product} {ergonomic}
   size_t MarkStackSize                            = 4194304                                   {product} {ergonomic}
   size_t MaxHeapSize                              = 4234149888                                {product} {ergonomic}
   size_t MaxNewSize                               = 2539651072                                {product} {ergonomic}
   size_t MinHeapDeltaBytes                        = 2097152                                   {product} {ergonomic}
   size_t MinHeapSize                              = 8388608                                   {product} {ergonomic}
    uintx NonNMethodCodeHeapSize                   = 5839372                                {pd product} {ergonomic}
    uintx NonProfiledCodeHeapSize                  = 122909434                              {pd product} {ergonomic}
    uintx ProfiledCodeHeapSize                     = 122909434                              {pd product} {ergonomic}
    uintx ReservedCodeCacheSize                    = 251658240                              {pd product} {ergonomic}
     bool SegmentedCodeCache                       = true                                      {product} {ergonomic}
   size_t SoftMaxHeapSize                          = 4234149888                             {manageable} {ergonomic}
     bool UseCompressedClassPointers               = true                           {product lp64_product} {ergonomic}
     bool UseCompressedOops                        = true                           {product lp64_product} {ergonomic}
     bool UseG1GC                                  = true                                      {product} {ergonomic}
     bool UseLargePagesIndividualAllocation        = false                                  {pd product} {ergonomic}

Logging:
Log output configuration:
 #0: stdout all=warning uptime,level,tags
 #1: stderr all=off uptime,level,tags

Environment Variables:
JAVA_HOME=C:\Program Files\Java\jdk-17
PATH=C:\Program Files\Common Files\Oracle\Java\javapath;D:\softwares\WINDOWS.X64_193000_db_home\bin;C:\Program Files (x86)\Common Files\Oracle\Java\javapath;C:\WINDOWS\system32;C:\WINDOWS;C:\WINDOWS\System32\Wbem;C:\WINDOWS\System32\WindowsPowerShell\v1.0\;C:\WINDOWS\System32\OpenSSH\;C:\apache-maven-3.8.1\bin;C:\Graddle\gradle-7.5.1\bin;C:\Program Files\MySQL\MySQL Server 8.0\bin;C:\Program Files\Docker\Docker\resources\bin;C:\Program Files\Git\cmd;C:\kafka\bin;C:\Program Files\nodejs\;C:\Users\P Saran Kumar\AppData\Local\pnpm;C:\Program Files\MySQL\MySQL Shell 8.0\bin\;C:\Users\P Saran Kumar\AppData\Local\Microsoft\WindowsApps;C:\Users\P Saran Kumar\AppData\Local\Programs\Microsoft VS Code\bin;C:\Program Files\Java\jdk-17\bin;C:\Users\P Saran Kumar\AppData\Roaming\npm;C:\Users\P Saran Kumar\AppData\Local\Programs\cursor\resources\app\bin
USERNAME=P Saran Kumar
OS=Windows_NT
PROCESSOR_IDENTIFIER=Intel64 Family 6 Model 140 Stepping 1, GenuineIntel



---------------  S Y S T E M  ---------------

OS:
 Windows 11 , 64 bit Build 22621 (10.0.22621.5415)
OS uptime: 0 days 5:03 hours
Hyper-V role detected

CPU: total 8 (initial active 8) (4 cores per cpu, 2 threads per core) family 6 model 140 stepping 1 microcode 0x9a, cx8, cmov, fxsr, ht, mmx, 3dnowpref, sse, sse2, sse3, ssse3, sse4.1, sse4.2, popcnt, lzcnt, tsc, tscinvbit, avx, avx2, aes, erms, clmul, bmi1, bmi2, adx, avx512f, avx512dq, avx512cd, avx512bw, avx512vl, sha, fma, vzeroupper, avx512_vpopcntdq, avx512_vpclmulqdq, avx512_vaes, avx512_vnni, clflush, clflushopt, clwb, avx512_vbmi2, avx512_vbmi, hv

Memory: 4k page, system-wide physical 16149M (516M free)
TotalPageFile size 26540M (AvailPageFile size 0M)
current process WorkingSet (physical memory assigned to process): 556M, peak: 561M
current process commit charge ("private bytes"): 638M, peak: 644M

vm_info: Java HotSpot(TM) 64-Bit Server VM (17.0.12+8-LTS-286) for windows-amd64 JRE (17.0.12+8-LTS-286), built on Jun  5 2024 06:46:59 by "mach5one" with MS VC++ 17.6 (VS2022)

END.
